<?xml version="1.0" encoding="UTF-8"?>
<testng-results ignored="0" total="1" passed="1" failed="0" skipped="0">
  <reporter-output>
  </reporter-output>
  <suite started-at="2025-12-30T15:47:01 IST" name="Default suite" finished-at="2025-12-30T15:47:21 IST" duration-ms="19930">
    <groups>
    </groups>
    <test started-at="2025-12-30T15:47:01 IST" name="Default test" finished-at="2025-12-30T15:47:21 IST" duration-ms="19930">
      <class name="testcases.BusSearchTest">
        <test-method is-config="true" signature="setup()[pri:0, instance:testcases.BusSearchTest@7e6f74c]" started-at="2025-12-30T15:47:02 IST" name="setup" finished-at="2025-12-30T15:47:08 IST" duration-ms="6530" status="PASS">
          <reporter-output>
          </reporter-output>
        </test-method> <!-- setup -->
        <test-method signature="searchBusTest()[pri:0, instance:testcases.BusSearchTest@7e6f74c]" started-at="2025-12-30T15:47:08 IST" name="searchBusTest" finished-at="2025-12-30T15:47:21 IST" duration-ms="13060" status="PASS">
          <reporter-output>
          </reporter-output>
        </test-method> <!-- searchBusTest -->
        <test-method is-config="true" signature="teardown()[pri:0, instance:testcases.BusSearchTest@7e6f74c]" started-at="2025-12-30T15:47:21 IST" name="teardown" finished-at="2025-12-30T15:47:21 IST" duration-ms="278" status="PASS">
          <reporter-output>
          </reporter-output>
        </test-method> <!-- teardown -->
      </class> <!-- testcases.BusSearchTest -->
    </test> <!-- Default test -->
  </suite> <!-- Default suite -->
</testng-results>
