<?xml version="1.0" encoding="UTF-8"?>
<testng-results ignored="0" total="1" passed="1" failed="0" skipped="0">
  <reporter-output>
  </reporter-output>
  <suite started-at="2025-11-25T00:50:53 IST" name="Default suite" finished-at="2025-11-25T00:51:11 IST" duration-ms="17769">
    <groups>
    </groups>
    <test started-at="2025-11-25T00:50:53 IST" name="Default test" finished-at="2025-11-25T00:51:11 IST" duration-ms="17769">
      <class name="testcases.BusSearchTest">
        <test-method is-config="true" signature="setup()[pri:0, instance:testcases.BusSearchTest@662ac478]" started-at="2025-11-25T00:50:53 IST" name="setup" finished-at="2025-11-25T00:51:00 IST" duration-ms="6764" status="PASS">
          <reporter-output>
          </reporter-output>
        </test-method> <!-- setup -->
        <test-method signature="searchBusTest()[pri:0, instance:testcases.BusSearchTest@662ac478]" started-at="2025-11-25T00:51:00 IST" name="searchBusTest" finished-at="2025-11-25T00:51:11 IST" duration-ms="10695" status="PASS">
          <reporter-output>
          </reporter-output>
        </test-method> <!-- searchBusTest -->
        <test-method is-config="true" signature="teardown()[pri:0, instance:testcases.BusSearchTest@662ac478]" started-at="2025-11-25T00:51:11 IST" name="teardown" finished-at="2025-11-25T00:51:11 IST" duration-ms="257" status="PASS">
          <reporter-output>
          </reporter-output>
        </test-method> <!-- teardown -->
      </class> <!-- testcases.BusSearchTest -->
    </test> <!-- Default test -->
  </suite> <!-- Default suite -->
</testng-results>
